d:\year1sem2\ai\tema_inheritance\x64\debug\vc143.pdb
d:\year1sem2\ai\tema_inheritance\x64\debug\vc143.idb
d:\year1sem2\ai\tema_inheritance\x64\debug\tema_inheritance.obj
d:\year1sem2\ai\tema_inheritance\x64\debug\person.obj
d:\year1sem2\ai\tema_inheritance\x64\debug\copil.obj
d:\year1sem2\ai\tema_inheritance\x64\debug\cnp.obj
d:\year1sem2\ai\tema_inheritance\x64\debug\angajat.obj
d:\year1sem2\ai\tema_inheritance\x64\debug\adult.obj
d:\year1sem2\ai\tema_inheritance\x64\debug\tema_inheritance.pdb
d:\year1sem2\ai\tema_inheritance\x64\debug\tema_inheritance.tlog\cl.command.1.tlog
d:\year1sem2\ai\tema_inheritance\x64\debug\tema_inheritance.tlog\cl.read.1.tlog
d:\year1sem2\ai\tema_inheritance\x64\debug\tema_inheritance.tlog\cl.write.1.tlog
d:\year1sem2\ai\tema_inheritance\x64\debug\tema_inheritance.tlog\link-cvtres.read.1.tlog
d:\year1sem2\ai\tema_inheritance\x64\debug\tema_inheritance.tlog\link-cvtres.write.1.tlog
d:\year1sem2\ai\tema_inheritance\x64\debug\tema_inheritance.tlog\link-rc.read.1.tlog
d:\year1sem2\ai\tema_inheritance\x64\debug\tema_inheritance.tlog\link-rc.write.1.tlog
d:\year1sem2\ai\tema_inheritance\x64\debug\tema_inheritance.tlog\link.command.1.tlog
d:\year1sem2\ai\tema_inheritance\x64\debug\tema_inheritance.tlog\link.read.1.tlog
d:\year1sem2\ai\tema_inheritance\x64\debug\tema_inheritance.tlog\link.read.3.tlog
d:\year1sem2\ai\tema_inheritance\x64\debug\tema_inheritance.tlog\link.write.1.tlog
